<?xml version="1.0" encoding="UTF-8"?>
<testng-results ignored="0" total="1" passed="1" failed="0" skipped="0">
  <reporter-output>
  </reporter-output>
  <suite started-at="2022-08-10T22:12:53 EDT" name="My Test Suite" finished-at="2022-08-10T22:12:55 EDT" duration-ms="2035">
    <groups>
      <group name="cucumber">
        <method signature="AbstractTestNGCucumberTests.runScenario(io.cucumber.testng.PickleWrapper,io.cucumber.testng.FeatureWrapper)[pri:0, instance:com.revature.testRunner.TestRunner@48fa0f47]" name="runScenario" class="io.cucumber.testng.AbstractTestNGCucumberTests"/>
      </group> <!-- cucumber -->
    </groups>
    <test started-at="2022-08-10T22:12:53 EDT" name="My Regression Tests" finished-at="2022-08-10T22:12:55 EDT" duration-ms="2035">
      <class name="com.revature.testRunner.TestRunner">
        <test-method is-config="true" signature="setUpClass(org.testng.ITestContext)[pri:0, instance:com.revature.testRunner.TestRunner@48fa0f47]" started-at="2022-08-10T22:12:53 EDT" name="setUpClass" finished-at="2022-08-10T22:12:53 EDT" duration-ms="84" status="PASS">
          <params>
            <param index="0">
              <value>
                <![CDATA[org.testng.TestRunner@2d9dff65]]>
              </value>
            </param>
          </params>
          <reporter-output>
          </reporter-output>
        </test-method> <!-- setUpClass -->
        <test-method is-config="true" signature="setup()[pri:0, instance:com.revature.testRunner.TestRunner@48fa0f47]" started-at="2022-08-10T22:12:53 EDT" name="setup" finished-at="2022-08-10T22:12:55 EDT" duration-ms="1485" status="PASS">
          <reporter-output>
          </reporter-output>
        </test-method> <!-- setup -->
        <test-method signature="runScenario(io.cucumber.testng.PickleWrapper,io.cucumber.testng.FeatureWrapper)[pri:0, instance:com.revature.testRunner.TestRunner@48fa0f47]" started-at="2022-08-10T22:12:55 EDT" name="runScenario" description="Runs Cucumber Scenarios" data-provider="scenarios" finished-at="2022-08-10T22:12:55 EDT" duration-ms="326" status="PASS">
          <params>
            <param index="0">
              <value>
                <![CDATA["Page Opens"]]>
              </value>
            </param>
            <param index="1">
              <value>
                <![CDATA["Homepage"]]>
              </value>
            </param>
          </params>
          <reporter-output>
          </reporter-output>
        </test-method> <!-- runScenario -->
        <test-method is-config="true" signature="tearDown()[pri:0, instance:com.revature.testRunner.TestRunner@48fa0f47]" started-at="2022-08-10T22:12:55 EDT" name="tearDown" finished-at="2022-08-10T22:12:55 EDT" duration-ms="121" status="PASS">
          <reporter-output>
          </reporter-output>
        </test-method> <!-- tearDown -->
        <test-method is-config="true" signature="tearDownClass()[pri:0, instance:com.revature.testRunner.TestRunner@48fa0f47]" started-at="2022-08-10T22:12:55 EDT" name="tearDownClass" finished-at="2022-08-10T22:12:55 EDT" duration-ms="5" status="PASS">
          <reporter-output>
          </reporter-output>
        </test-method> <!-- tearDownClass -->
      </class> <!-- com.revature.testRunner.TestRunner -->
    </test> <!-- My Regression Tests -->
  </suite> <!-- My Test Suite -->
</testng-results>
