<?xml version="1.0" encoding="UTF-8"?>
<testng-results ignored="0" total="6" passed="6" failed="0" skipped="0">
  <reporter-output>
  </reporter-output>
  <suite started-at="2022-08-13T15:20:50 EDT" name="My Test Suite" finished-at="2022-08-13T15:21:07 EDT" duration-ms="16888">
    <groups>
      <group name="cucumber">
        <method signature="AbstractTestNGCucumberTests.runScenario(io.cucumber.testng.PickleWrapper,io.cucumber.testng.FeatureWrapper)[pri:0, instance:com.revature.testRunner.TestRunner@48fa0f47]" name="runScenario" class="io.cucumber.testng.AbstractTestNGCucumberTests"/>
      </group> <!-- cucumber -->
    </groups>
    <test started-at="2022-08-13T15:20:50 EDT" name="My Regression Tests" finished-at="2022-08-13T15:21:07 EDT" duration-ms="16888">
      <class name="com.revature.testRunner.TestRunner">
        <test-method is-config="true" signature="setUpClass(org.testng.ITestContext)[pri:0, instance:com.revature.testRunner.TestRunner@48fa0f47]" started-at="2022-08-13T15:20:50 EDT" name="setUpClass" finished-at="2022-08-13T15:20:50 EDT" duration-ms="89" status="PASS">
          <params>
            <param index="0">
              <value>
                <![CDATA[org.testng.TestRunner@3281dfc2]]>
              </value>
            </param>
          </params>
          <reporter-output>
          </reporter-output>
        </test-method> <!-- setUpClass -->
        <test-method is-config="true" signature="setup()[pri:0, instance:com.revature.testRunner.TestRunner@48fa0f47]" started-at="2022-08-13T15:20:50 EDT" name="setup" finished-at="2022-08-13T15:20:51 EDT" duration-ms="1645" status="PASS">
          <reporter-output>
          </reporter-output>
        </test-method> <!-- setup -->
        <test-method signature="runScenario(io.cucumber.testng.PickleWrapper,io.cucumber.testng.FeatureWrapper)[pri:0, instance:com.revature.testRunner.TestRunner@48fa0f47]" started-at="2022-08-13T15:20:51 EDT" name="runScenario" description="Runs Cucumber Scenarios" data-provider="scenarios" finished-at="2022-08-13T15:20:52 EDT" duration-ms="51" status="PASS">
          <params>
            <param index="0">
              <value>
                <![CDATA["Page Opens"]]>
              </value>
            </param>
            <param index="1">
              <value>
                <![CDATA["Homepage"]]>
              </value>
            </param>
          </params>
          <reporter-output>
          </reporter-output>
        </test-method> <!-- runScenario -->
        <test-method is-config="true" signature="tearDown()[pri:0, instance:com.revature.testRunner.TestRunner@48fa0f47]" started-at="2022-08-13T15:20:52 EDT" name="tearDown" finished-at="2022-08-13T15:20:52 EDT" duration-ms="110" status="PASS">
          <reporter-output>
          </reporter-output>
        </test-method> <!-- tearDown -->
        <test-method is-config="true" signature="setup()[pri:0, instance:com.revature.testRunner.TestRunner@48fa0f47]" started-at="2022-08-13T15:20:52 EDT" name="setup" finished-at="2022-08-13T15:20:52 EDT" duration-ms="766" status="PASS">
          <reporter-output>
          </reporter-output>
        </test-method> <!-- setup -->
        <test-method signature="runScenario(io.cucumber.testng.PickleWrapper,io.cucumber.testng.FeatureWrapper)[pri:0, instance:com.revature.testRunner.TestRunner@48fa0f47]" started-at="2022-08-13T15:20:52 EDT" name="runScenario" description="Runs Cucumber Scenarios" data-provider="scenarios" finished-at="2022-08-13T15:20:53 EDT" duration-ms="214" status="PASS">
          <params>
            <param index="0">
              <value>
                <![CDATA["Search City"]]>
              </value>
            </param>
            <param index="1">
              <value>
                <![CDATA["Homepage"]]>
              </value>
            </param>
          </params>
          <reporter-output>
          </reporter-output>
        </test-method> <!-- runScenario -->
        <test-method is-config="true" signature="tearDown()[pri:0, instance:com.revature.testRunner.TestRunner@48fa0f47]" started-at="2022-08-13T15:20:53 EDT" name="tearDown" finished-at="2022-08-13T15:20:53 EDT" duration-ms="111" status="PASS">
          <reporter-output>
          </reporter-output>
        </test-method> <!-- tearDown -->
        <test-method is-config="true" signature="setup()[pri:0, instance:com.revature.testRunner.TestRunner@48fa0f47]" started-at="2022-08-13T15:20:53 EDT" name="setup" finished-at="2022-08-13T15:20:54 EDT" duration-ms="899" status="PASS">
          <reporter-output>
          </reporter-output>
        </test-method> <!-- setup -->
        <test-method signature="runScenario(io.cucumber.testng.PickleWrapper,io.cucumber.testng.FeatureWrapper)[pri:0, instance:com.revature.testRunner.TestRunner@48fa0f47]" started-at="2022-08-13T15:20:54 EDT" name="runScenario" description="Runs Cucumber Scenarios" data-provider="scenarios" finished-at="2022-08-13T15:20:54 EDT" duration-ms="185" status="PASS">
          <params>
            <param index="0">
              <value>
                <![CDATA["Current Location"]]>
              </value>
            </param>
            <param index="1">
              <value>
                <![CDATA["Homepage"]]>
              </value>
            </param>
          </params>
          <reporter-output>
          </reporter-output>
        </test-method> <!-- runScenario -->
        <test-method is-config="true" signature="tearDown()[pri:0, instance:com.revature.testRunner.TestRunner@48fa0f47]" started-at="2022-08-13T15:20:54 EDT" name="tearDown" finished-at="2022-08-13T15:20:54 EDT" duration-ms="107" status="PASS">
          <reporter-output>
          </reporter-output>
        </test-method> <!-- tearDown -->
        <test-method is-config="true" signature="setup()[pri:0, instance:com.revature.testRunner.TestRunner@48fa0f47]" started-at="2022-08-13T15:20:54 EDT" name="setup" finished-at="2022-08-13T15:20:55 EDT" duration-ms="824" status="PASS">
          <reporter-output>
          </reporter-output>
        </test-method> <!-- setup -->
        <test-method signature="runScenario(io.cucumber.testng.PickleWrapper,io.cucumber.testng.FeatureWrapper)[pri:0, instance:com.revature.testRunner.TestRunner@48fa0f47]" started-at="2022-08-13T15:20:55 EDT" name="runScenario" description="Runs Cucumber Scenarios" data-provider="scenarios" finished-at="2022-08-13T15:20:58 EDT" duration-ms="3301" status="PASS">
          <params>
            <param index="0">
              <value>
                <![CDATA["Sign in successfully"]]>
              </value>
            </param>
            <param index="1">
              <value>
                <![CDATA["Homepage"]]>
              </value>
            </param>
          </params>
          <reporter-output>
          </reporter-output>
        </test-method> <!-- runScenario -->
        <test-method is-config="true" signature="tearDown()[pri:0, instance:com.revature.testRunner.TestRunner@48fa0f47]" started-at="2022-08-13T15:20:58 EDT" name="tearDown" finished-at="2022-08-13T15:20:58 EDT" duration-ms="111" status="PASS">
          <reporter-output>
          </reporter-output>
        </test-method> <!-- tearDown -->
        <test-method is-config="true" signature="setup()[pri:0, instance:com.revature.testRunner.TestRunner@48fa0f47]" started-at="2022-08-13T15:20:58 EDT" name="setup" finished-at="2022-08-13T15:20:59 EDT" duration-ms="811" status="PASS">
          <reporter-output>
          </reporter-output>
        </test-method> <!-- setup -->
        <test-method signature="runScenario(io.cucumber.testng.PickleWrapper,io.cucumber.testng.FeatureWrapper)[pri:0, instance:com.revature.testRunner.TestRunner@48fa0f47]" started-at="2022-08-13T15:20:59 EDT" name="runScenario" description="Runs Cucumber Scenarios" data-provider="scenarios" finished-at="2022-08-13T15:21:02 EDT" duration-ms="3280" status="PASS">
          <params>
            <param index="0">
              <value>
                <![CDATA["Sign in successfully"]]>
              </value>
            </param>
            <param index="1">
              <value>
                <![CDATA["Homepage"]]>
              </value>
            </param>
          </params>
          <reporter-output>
          </reporter-output>
        </test-method> <!-- runScenario -->
        <test-method is-config="true" signature="tearDown()[pri:0, instance:com.revature.testRunner.TestRunner@48fa0f47]" started-at="2022-08-13T15:21:02 EDT" name="tearDown" finished-at="2022-08-13T15:21:02 EDT" duration-ms="105" status="PASS">
          <reporter-output>
          </reporter-output>
        </test-method> <!-- tearDown -->
        <test-method is-config="true" signature="setup()[pri:0, instance:com.revature.testRunner.TestRunner@48fa0f47]" started-at="2022-08-13T15:21:02 EDT" name="setup" finished-at="2022-08-13T15:21:03 EDT" duration-ms="852" status="PASS">
          <reporter-output>
          </reporter-output>
        </test-method> <!-- setup -->
        <test-method signature="runScenario(io.cucumber.testng.PickleWrapper,io.cucumber.testng.FeatureWrapper)[pri:0, instance:com.revature.testRunner.TestRunner@48fa0f47]" started-at="2022-08-13T15:21:03 EDT" name="runScenario" description="Runs Cucumber Scenarios" data-provider="scenarios" finished-at="2022-08-13T15:21:07 EDT" duration-ms="3290" status="PASS">
          <params>
            <param index="0">
              <value>
                <![CDATA["Sign in successfully"]]>
              </value>
            </param>
            <param index="1">
              <value>
                <![CDATA["Homepage"]]>
              </value>
            </param>
          </params>
          <reporter-output>
          </reporter-output>
        </test-method> <!-- runScenario -->
        <test-method is-config="true" signature="tearDown()[pri:0, instance:com.revature.testRunner.TestRunner@48fa0f47]" started-at="2022-08-13T15:21:07 EDT" name="tearDown" finished-at="2022-08-13T15:21:07 EDT" duration-ms="108" status="PASS">
          <reporter-output>
          </reporter-output>
        </test-method> <!-- tearDown -->
        <test-method is-config="true" signature="tearDownClass()[pri:0, instance:com.revature.testRunner.TestRunner@48fa0f47]" started-at="2022-08-13T15:21:07 EDT" name="tearDownClass" finished-at="2022-08-13T15:21:07 EDT" duration-ms="7" status="PASS">
          <reporter-output>
          </reporter-output>
        </test-method> <!-- tearDownClass -->
      </class> <!-- com.revature.testRunner.TestRunner -->
    </test> <!-- My Regression Tests -->
  </suite> <!-- My Test Suite -->
</testng-results>
